[debug] [2023-06-16T12:47:48.664Z] ----------------------------------------------------------------------
[debug] [2023-06-16T12:47:48.668Z] Command:       C:\Program Files\nodejs\node.exe C:\Users\Kyoujin\AppData\Roaming\npm\node_modules\firebase-tools\lib\bin\firebase.js init
[debug] [2023-06-16T12:47:48.669Z] CLI Version:   12.4.0
[debug] [2023-06-16T12:47:48.670Z] Platform:      win32
[debug] [2023-06-16T12:47:48.670Z] Node Version:  v18.15.0
[debug] [2023-06-16T12:47:48.672Z] Time:          Fri Jun 16 2023 19:47:48 GMT+0700 (Indochina Time)
[debug] [2023-06-16T12:47:48.672Z] ----------------------------------------------------------------------
[debug] 
[debug] [2023-06-16T12:47:48.685Z] > command requires scopes: ["email","openid","https://www.googleapis.com/auth/cloudplatformprojects.readonly","https://www.googleapis.com/auth/firebase","https://www.googleapis.com/auth/cloud-platform"]
[debug] [2023-06-16T12:47:48.686Z] > authorizing via signed-in user (c288dsx2704@bangkit.academy)
[info] 
     ######## #### ########  ######## ########     ###     ######  ########
     ##        ##  ##     ## ##       ##     ##  ##   ##  ##       ##
     ######    ##  ########  ######   ########  #########  ######  ######
     ##        ##  ##    ##  ##       ##     ## ##     ##       ## ##
     ##       #### ##     ## ######## ########  ##     ##  ######  ########

You're about to initialize a Firebase project in this directory:

  C:\Users\Kyoujin\my-app

[debug] [2023-06-16T12:49:10.346Z] ----------------------------------------------------------------------
[debug] [2023-06-16T12:49:10.350Z] Command:       C:\Program Files\nodejs\node.exe C:\Users\Kyoujin\AppData\Roaming\npm\node_modules\firebase-tools\lib\bin\firebase.js init hosting
[debug] [2023-06-16T12:49:10.351Z] CLI Version:   12.4.0
[debug] [2023-06-16T12:49:10.352Z] Platform:      win32
[debug] [2023-06-16T12:49:10.352Z] Node Version:  v18.15.0
[debug] [2023-06-16T12:49:10.354Z] Time:          Fri Jun 16 2023 19:49:10 GMT+0700 (Indochina Time)
[debug] [2023-06-16T12:49:10.354Z] ----------------------------------------------------------------------
[debug] 
[debug] [2023-06-16T12:49:10.371Z] > command requires scopes: ["email","openid","https://www.googleapis.com/auth/cloudplatformprojects.readonly","https://www.googleapis.com/auth/firebase","https://www.googleapis.com/auth/cloud-platform"]
[debug] [2023-06-16T12:49:10.373Z] > authorizing via signed-in user (c288dsx2704@bangkit.academy)
[info] 
     ######## #### ########  ######## ########     ###     ######  ########
     ##        ##  ##     ## ##       ##     ##  ##   ##  ##       ##
     ######    ##  ########  ######   ########  #########  ######  ######
     ##        ##  ##    ##  ##       ##     ## ##     ##       ## ##
     ##       #### ##     ## ######## ########  ##     ##  ######  ########

You're about to initialize a Firebase project in this directory:

  C:\Users\Kyoujin\my-app

[info] 
=== Project Setup
[info] 
[info] First, let's associate this project directory with a Firebase project.
[info] You can create multiple project aliases by running firebase use --add, 
[info] but for now we'll just set up a default project.
[info] 
[debug] [2023-06-16T12:49:42.612Z] >>> [apiv2][query] GET https://firebase.googleapis.com/v1beta1/projects pageSize=100
[debug] [2023-06-16T12:49:43.976Z] <<< [apiv2][status] GET https://firebase.googleapis.com/v1beta1/projects 200
[debug] [2023-06-16T12:49:43.976Z] <<< [apiv2][body] GET https://firebase.googleapis.com/v1beta1/projects [omitted]
[info] i  Using project kerjakuy-107e2 (Kerjakuy) 
[info] 
=== Hosting Setup
[info] 
[info] Your public directory is the folder (relative to your project directory) that
[info] will contain Hosting assets to be uploaded with firebase deploy. If you
[info] have a build process for your assets, use your build's output directory.
[info] 
[debug] [2023-06-16T12:50:09.493Z] >>> [apiv2][query] GET https://www.gstatic.com/firebasejs/releases.json [none]
[debug] [2023-06-16T12:50:10.142Z] <<< [apiv2][status] GET https://www.gstatic.com/firebasejs/releases.json 200
[debug] [2023-06-16T12:50:10.143Z] <<< [apiv2][body] GET https://www.gstatic.com/firebasejs/releases.json {"current":{"version":"9.22.2","browserURL":"https://www.gstatic.com/firebasejs/9.22.2/firebase.js","packageURL":"https://www.gstatic.com/firebasejs/9.22.2/firebase.tgz"},"live":{"version":"9.22","browserURL":"https://www.gstatic.com/firebasejs/live/9.22/firebase.js","packageURL":"https://www.gstatic.com/firebasejs/live/9.22/firebase.tgz"},"components":{"analytics":"https://www.gstatic.com/firebasejs/9.22.2/firebase-analytics.js","app":"https://www.gstatic.com/firebasejs/9.22.2/firebase-app.js","app-check":"https://www.gstatic.com/firebasejs/9.22.2/firebase-app-check.js","auth":"https://www.gstatic.com/firebasejs/9.22.2/firebase-auth.js","auth/cordova":"https://www.gstatic.com/firebasejs/9.22.2/firebase-auth/cordova.js","auth/react-native":"https://www.gstatic.com/firebasejs/9.22.2/firebase-auth/react-native.js","functions":"https://www.gstatic.com/firebasejs/9.22.2/firebase-functions.js","firestore":"https://www.gstatic.com/firebasejs/9.22.2/firebase-firestore.js","firestore/lite":"https://www.gstatic.com/firebasejs/9.22.2/firebase-firestore/lite.js","installations":"https://www.gstatic.com/firebasejs/9.22.2/firebase-installations.js","storage":"https://www.gstatic.com/firebasejs/9.22.2/firebase-storage.js","performance":"https://www.gstatic.com/firebasejs/9.22.2/firebase-performance.js","remote-config":"https://www.gstatic.com/firebasejs/9.22.2/firebase-remote-config.js","messaging":"https://www.gstatic.com/firebasejs/9.22.2/firebase-messaging.js","messaging/sw":"https://www.gstatic.com/firebasejs/9.22.2/firebase-messaging/sw.js","database":"https://www.gstatic.com/firebasejs/9.22.2/firebase-database.js","firestore.memory":"https://www.gstatic.com/firebasejs/9.22.2/firebase-firestore.memory.js"}}
[info] +  Wrote public/index.html 
[info] 
[info] i  Didn't detect a .git folder. Assuming C:\Users\Kyoujin\my-app is the project root. 
[info] i  Authorizing with GitHub to upload your service account to a GitHub repository's secrets store. 
[info] 
[info] Visit this URL on this device to log in:
[info] https://github.com/login/oauth/authorize?client_id=89cf50f02ac6aaed3484&state=522372003&redirect_uri=http%3A%2F%2Flocalhost%3A9005&scope=read%3Auser%20repo%20public_repo
[info] 
[info] Waiting for authentication...
[debug] [2023-06-16T12:51:30.010Z] >>> [apiv2][query] POST https://github.com/login/oauth/access_token [none]
[debug] [2023-06-16T12:51:30.010Z] >>> [apiv2][body] POST https://github.com/login/oauth/access_token [stream]
[debug] [2023-06-16T12:51:30.633Z] <<< [apiv2][status] POST https://github.com/login/oauth/access_token 200
[debug] [2023-06-16T12:51:30.633Z] <<< [apiv2][body] POST https://github.com/login/oauth/access_token {"access_token":"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","token_type":"bearer","scope":"read:user,repo"}
[debug] [2023-06-16T12:51:30.646Z] >>> [apiv2][query] GET https://api.github.com/user [none]
[debug] [2023-06-16T12:51:31.243Z] <<< [apiv2][status] GET https://api.github.com/user 200
[debug] [2023-06-16T12:51:31.243Z] <<< [apiv2][body] GET https://api.github.com/user {"login":"titanmaulana","id":135099644,"node_id":"U_kgDOCA10_A","avatar_url":"https://avatars.githubusercontent.com/u/135099644?v=4","gravatar_id":"","url":"https://api.github.com/users/titanmaulana","html_url":"https://github.com/titanmaulana","followers_url":"https://api.github.com/users/titanmaulana/followers","following_url":"https://api.github.com/users/titanmaulana/following{/other_user}","gists_url":"https://api.github.com/users/titanmaulana/gists{/gist_id}","starred_url":"https://api.github.com/users/titanmaulana/starred{/owner}{/repo}","subscriptions_url":"https://api.github.com/users/titanmaulana/subscriptions","organizations_url":"https://api.github.com/users/titanmaulana/orgs","repos_url":"https://api.github.com/users/titanmaulana/repos","events_url":"https://api.github.com/users/titanmaulana/events{/privacy}","received_events_url":"https://api.github.com/users/titanmaulana/received_events","type":"User","site_admin":false,"name":"Muhammad Titan Maulana","company":null,"blog":"","location":null,"email":null,"hireable":null,"bio":null,"twitter_username":null,"public_repos":1,"public_gists":0,"followers":0,"following":0,"created_at":"2023-05-31T06:22:34Z","updated_at":"2023-06-02T10:20:12Z","private_gists":0,"total_private_repos":0,"owned_private_repos":0,"disk_usage":6281,"collaborators":0,"two_factor_authentication":false,"plan":{"name":"free","space":976562499,"collaborators":0,"private_repos":10000}}
[info] 
[info] +  Success! Logged into GitHub as titanmaulana 
[info] 
